<?xml version="1.0" encoding="UTF-8"?>
<testsuite name="example.ExampleItemReaderSpec" tests="1" skipped="0" failures="0" errors="0" timestamp="2015-05-12T14:35:07" hostname="asaitec-amr" time="0.001">
  <properties/>
  <testcase name="read" classname="example.ExampleItemReaderSpec" time="0.001"/>
  <system-out><![CDATA[]]></system-out>
  <system-err><![CDATA[]]></system-err>
</testsuite>
